<?xml version="1.0" encoding="UTF-8"?>
<testsuite xmlns:xsi="http://www.w3.org/2001/XMLSchema-instance" xsi:noNamespaceSchemaLocation="https://maven.apache.org/surefire/maven-surefire-plugin/xsd/surefire-test-report-3.0.xsd" version="3.0" name="com.santea.service.SanteQuotidienneAdminServiceTest" time="0.736" tests="14" errors="0" skipped="0" failures="0">
  <properties>
[...]
</properties>
  <testcase name="testGetUserStatisticsOrdering" classname="com.santea.service.SanteQuotidienneAdminServiceTest" time="0.438"/>
  <testcase name="testGetUserStatistics" classname="com.santea.service.SanteQuotidienneAdminServiceTest" time="0.015"/>
  <testcase name="testExportToCSVWithValidDates" classname="com.santea.service.SanteQuotidienneAdminServiceTest" time="0.105"/>
  <testcase name="testFormatDouble" classname="com.santea.service.SanteQuotidienneAdminServiceTest" time="0.004"/>
  <testcase name="testStatisticsDataRecord" classname="com.santea.service.SanteQuotidienneAdminServiceTest" time="0.015"/>
  <testcase name="testFormatDoubleZero" classname="com.santea.service.SanteQuotidienneAdminServiceTest" time="0.001"/>
  <testcase name="testGetAllData" classname="com.santea.service.SanteQuotidienneAdminServiceTest" time="0.015"/>
  <testcase name="testFormatDoubleNegative" classname="com.santea.service.SanteQuotidienneAdminServiceTest" time="0.002"/>
  <testcase name="testGetFilteredData" classname="com.santea.service.SanteQuotidienneAdminServiceTest" time="0.015"/>
  <testcase name="testGetAllDataObservableList" classname="com.santea.service.SanteQuotidienneAdminServiceTest" time="0.029"/>
  <testcase name="testGetFilteredDataWithoutDates" classname="com.santea.service.SanteQuotidienneAdminServiceTest" time="0.013"/>
  <testcase name="testMultipleCallsToGetStatistics" classname="com.santea.service.SanteQuotidienneAdminServiceTest" time="0.017"/>
  <testcase name="testLazyInitialization" classname="com.santea.service.SanteQuotidienneAdminServiceTest" time="0.009"/>
  <testcase name="testGetStatistics" classname="com.santea.service.SanteQuotidienneAdminServiceTest" time="0.011"/>
</testsuite>